16:18:59.058 skipping bootstrap configuration: could not find or read file: classpath:karate-config.js
16:18:59.299 skipping bootstrap configuration: could not find or read file: classpath:karate-config.js
16:18:59.802 request:
1 > GET https://cybertek-reservation-api-qa3.herokuapp.com/sign?email=sbirdbj%40fc2.com&password=asenorval
1 > Accept: application/json
1 > Accept-Encoding: gzip,deflate
1 > Connection: Keep-Alive
1 > Host: cybertek-reservation-api-qa3.herokuapp.com
1 > User-Agent: Apache-HttpClient/4.5.12 (Java/1.8.0_231)

16:19:00.277 response time in milliseconds: 472.49
1 < 200
1 < Connection: close
1 < Content-Type: application/json
1 < Date: Thu, 28 Oct 2021 21:19:01 GMT
1 < Server: Jetty(9.4.8.v20171121)
1 < Via: 1.1 vegur
{"accessToken":"eyJhbGciOiJIUzI1NiJ9.eyJqdGkiOiIxNDAiLCJhdWQiOiJzdHVkZW50LXRlYW0tbGVhZGVyIn0.xNvdQRyrYMb3Ec5QByHwXowBo3zPK2jQQS1eJ2RYIto","refreshToken":"eyJhbGciOiJIUzI1NiJ9.eyJqdGkiOiIxNDAiLCJhdWQiOiJzdHVkZW50LXRlYW0tbGVhZGVyIn0.xNvdQRyrYMb3Ec5QByHwXowBo3zPK2jQQS1eJ2RYIto"}

16:19:00.280 [print] {
  "accessToken": "eyJhbGciOiJIUzI1NiJ9.eyJqdGkiOiIxNDAiLCJhdWQiOiJzdHVkZW50LXRlYW0tbGVhZGVyIn0.xNvdQRyrYMb3Ec5QByHwXowBo3zPK2jQQS1eJ2RYIto",
  "refreshToken": "eyJhbGciOiJIUzI1NiJ9.eyJqdGkiOiIxNDAiLCJhdWQiOiJzdHVkZW50LXRlYW0tbGVhZGVyIn0.xNvdQRyrYMb3Ec5QByHwXowBo3zPK2jQQS1eJ2RYIto"
}

